#
# There is insufficient memory for the Java Runtime Environment to continue.
# Native memory allocation (malloc) failed to allocate 578256 bytes for Chunk::new
# Possible reasons:
#   The system is out of physical RAM or swap space
#   The process is running with CompressedOops enabled, and the Java Heap may be blocking the growth of the native heap
# Possible solutions:
#   Reduce memory load on the system
#   Increase physical memory or swap space
#   Check if swap backing store is full
#   Decrease Java heap size (-Xmx/-Xms)
#   Decrease number of Java threads
#   Decrease Java thread stack sizes (-Xss)
#   Set larger code cache with -XX:ReservedCodeCacheSize=
#   JVM is running with Unscaled Compressed Oops mode in which the Java heap is
#     placed in the first 4GB address space. The Java Heap base address is the
#     maximum limit for the native heap growth. Please use -XX:HeapBaseMinAddress
#     to set the Java Heap base and to place the Java Heap above 4GB virtual address.
# This output file may be truncated or incomplete.
#
#  Out of Memory Error (c:/BuildAgent/work/5ff2f6c26000d570/src/hotspot/share/memory/arena.cpp:197), pid=22664, tid=39992
#
# JRE version: OpenJDK Runtime Environment (11.0.3+12) (build 11.0.3+12-b304.56)
# Java VM: OpenJDK 64-Bit Server VM (11.0.3+12-b304.56, mixed mode, sharing, tiered, compressed oops, g1 gc, windows-amd64)
# No core dump will be written. Minidumps are not enabled by default on client versions of Windows
#

---------------  S U M M A R Y ------------

Command Line: -javaagent:C:\Program Files\JetBrains\IntelliJ IDEA Community Edition 2019.2.2\lib\idea_rt.jar=53516:C:\Program Files\JetBrains\IntelliJ IDEA Community Edition 2019.2.2\bin -Dfile.encoding=UTF-8 com.rmit.sept.agme.AgmeApplication

Host: Intel(R) Core(TM) i7-8565U CPU @ 1.80GHz, 8 cores, 7G,  Windows 10 , 64 bit Build 18362 (10.0.18362.959)
Time: Thu Aug 13 03:50:57 2020 AUS Eastern Standard Time elapsed time: 46162 seconds (0d 12h 49m 22s)

---------------  T H R E A D  ---------------

Current thread (0x000001e63ab38000):  JavaThread "C2 CompilerThread0" daemon [_thread_in_native, id=39992, stack(0x0000006eb8700000,0x0000006eb8800000)]


Current CompileTask:
C2:46162847 6251   !   4       java.util.concurrent.ThreadPoolExecutor::runWorker (187 bytes)

Stack: [0x0000006eb8700000,0x0000006eb8800000]
Native frames: (J=compiled Java code, j=interpreted, Vv=VM code, C=native code)
V  [jvm.dll+0x5da77a]
V  [jvm.dll+0x70b9c9]
V  [jvm.dll+0x70cee8]
V  [jvm.dll+0x70d5b3]
V  [jvm.dll+0x23ddc8]
V  [jvm.dll+0xb931c]
V  [jvm.dll+0xb981c]
V  [jvm.dll+0x34f07d]
V  [jvm.dll+0x31d193]
V  [jvm.dll+0x31c72a]
V  [jvm.dll+0x1f7952]
V  [jvm.dll+0x1f6b24]
V  [jvm.dll+0x17fadb]
V  [jvm.dll+0x204e17]
V  [jvm.dll+0x2036b2]
V  [jvm.dll+0x6d885f]
V  [jvm.dll+0x6d165d]
V  [jvm.dll+0x5d9a56]
C  [ucrtbase.dll+0x20e82]
C  [KERNEL32.DLL+0x17bd4]
C  [ntdll.dll+0x6ce51]


---------------  P R O C E S S  ---------------

Threads class SMR info:
_java_thread_list=0x000001e642eec520, length=32, elements={
0x000001e63ab1b000, 0x000001e63ab1d000, 0x000001e63ab33800, 0x000001e63ab34800,
0x000001e63ab38000, 0x000001e63ab46800, 0x000001e63ab52000, 0x000001e63ab01800,
0x000001e63b835800, 0x000001e63b836800, 0x000001e63f757800, 0x000001e63ff40800,
0x000001e641b2c800, 0x000001e63c4d7800, 0x000001e63fe32800, 0x000001e64140c800,
0x000001e63f29d800, 0x000001e63f2a2800, 0x000001e63f2a3000, 0x000001e63f2a4000,
0x000001e63f29e800, 0x000001e63f29f000, 0x000001e63f2a0000, 0x000001e63f2a1000,
0x000001e6400b0000, 0x000001e6400ae800, 0x000001e6400af800, 0x000001e6400b1000,
0x000001e6400ab000, 0x000001e6400ad800, 0x000001e6400ac000, 0x000001e6400b2000
}

Java Threads: ( => current thread )
  0x000001e63ab1b000 JavaThread "Reference Handler" daemon [_thread_blocked, id=20980, stack(0x0000006eb8300000,0x0000006eb8400000)]
  0x000001e63ab1d000 JavaThread "Finalizer" daemon [_thread_blocked, id=31904, stack(0x0000006eb8400000,0x0000006eb8500000)]
  0x000001e63ab33800 JavaThread "Signal Dispatcher" daemon [_thread_blocked, id=2648, stack(0x0000006eb8500000,0x0000006eb8600000)]
  0x000001e63ab34800 JavaThread "Attach Listener" daemon [_thread_blocked, id=39332, stack(0x0000006eb8600000,0x0000006eb8700000)]
=>0x000001e63ab38000 JavaThread "C2 CompilerThread0" daemon [_thread_in_native, id=39992, stack(0x0000006eb8700000,0x0000006eb8800000)]
  0x000001e63ab46800 JavaThread "C1 CompilerThread0" daemon [_thread_blocked, id=21096, stack(0x0000006eb8800000,0x0000006eb8900000)]
  0x000001e63ab52000 JavaThread "Sweeper thread" daemon [_thread_blocked, id=7492, stack(0x0000006eb8900000,0x0000006eb8a00000)]
  0x000001e63ab01800 JavaThread "Common-Cleaner" daemon [_thread_blocked, id=31304, stack(0x0000006eb8a00000,0x0000006eb8b00000)]
  0x000001e63b835800 JavaThread "Monitor Ctrl-Break" daemon [_thread_in_native, id=20444, stack(0x0000006eb8b00000,0x0000006eb8c00000)]
  0x000001e63b836800 JavaThread "Service Thread" daemon [_thread_blocked, id=36536, stack(0x0000006eb8c00000,0x0000006eb8d00000)]
  0x000001e63f757800 JavaThread "mysql-cj-abandoned-connection-cleanup" daemon [_thread_blocked, id=37252, stack(0x0000006eb9900000,0x0000006eb9a00000)]
  0x000001e63ff40800 JavaThread "MVStore background writer nio:C:/Users/lukeh/test.mv.db" daemon [_thread_blocked, id=11388, stack(0x0000006eb9a00000,0x0000006eb9b00000)]
  0x000001e641b2c800 JavaThread "HikariPool-1 housekeeper" daemon [_thread_blocked, id=22920, stack(0x0000006eb9b00000,0x0000006eb9c00000)]
  0x000001e63c4d7800 JavaThread "Catalina-utility-1" [_thread_blocked, id=16432, stack(0x0000006eb9d00000,0x0000006eb9e00000)]
  0x000001e63fe32800 JavaThread "Catalina-utility-2" [_thread_blocked, id=37852, stack(0x0000006eb9e00000,0x0000006eb9f00000)]
  0x000001e64140c800 JavaThread "container-0" [_thread_blocked, id=23416, stack(0x0000006eb9f00000,0x0000006eba000000)]
  0x000001e63f29d800 JavaThread "File Watcher" daemon [_thread_blocked, id=10592, stack(0x0000006eba100000,0x0000006eba200000)]
  0x000001e63f2a2800 JavaThread "Live Reload Server" daemon [_thread_in_native, id=39072, stack(0x0000006eba300000,0x0000006eba400000)]
  0x000001e63f2a3000 JavaThread "http-nio-8080-BlockPoller" daemon [_thread_in_native, id=33744, stack(0x0000006eba200000,0x0000006eba300000)]
  0x000001e63f2a4000 JavaThread "http-nio-8080-exec-1" daemon [_thread_blocked, id=26772, stack(0x0000006eba400000,0x0000006eba500000)]
  0x000001e63f29e800 JavaThread "http-nio-8080-exec-2" daemon [_thread_blocked, id=24632, stack(0x0000006eba500000,0x0000006eba600000)]
  0x000001e63f29f000 JavaThread "http-nio-8080-exec-3" daemon [_thread_blocked, id=30064, stack(0x0000006eba600000,0x0000006eba700000)]
  0x000001e63f2a0000 JavaThread "http-nio-8080-exec-4" daemon [_thread_blocked, id=35860, stack(0x0000006eba700000,0x0000006eba800000)]
  0x000001e63f2a1000 JavaThread "http-nio-8080-exec-5" daemon [_thread_blocked, id=9024, stack(0x0000006eba800000,0x0000006eba900000)]
  0x000001e6400b0000 JavaThread "http-nio-8080-exec-6" daemon [_thread_blocked, id=6736, stack(0x0000006eba900000,0x0000006ebaa00000)]
  0x000001e6400ae800 JavaThread "http-nio-8080-exec-7" daemon [_thread_blocked, id=21664, stack(0x0000006ebaa00000,0x0000006ebab00000)]
  0x000001e6400af800 JavaThread "http-nio-8080-exec-8" daemon [_thread_blocked, id=21872, stack(0x0000006ebab00000,0x0000006ebac00000)]
  0x000001e6400b1000 JavaThread "http-nio-8080-exec-9" daemon [_thread_blocked, id=34252, stack(0x0000006ebac00000,0x0000006ebad00000)]
  0x000001e6400ab000 JavaThread "http-nio-8080-exec-10" daemon [_thread_blocked, id=35576, stack(0x0000006ebad00000,0x0000006ebae00000)]
  0x000001e6400ad800 JavaThread "http-nio-8080-ClientPoller" daemon [_thread_in_native, id=29580, stack(0x0000006ebae00000,0x0000006ebaf00000)]
  0x000001e6400ac000 JavaThread "http-nio-8080-Acceptor" daemon [_thread_in_native, id=34632, stack(0x0000006ebaf00000,0x0000006ebb000000)]
  0x000001e6400b2000 JavaThread "DestroyJavaVM" [_thread_blocked, id=24084, stack(0x0000006eb7c00000,0x0000006eb7d00000)]

Other Threads:
  0x000001e63ab1a000 VMThread "VM Thread" [stack: 0x0000006eb8200000,0x0000006eb8300000] [id=14528]
  0x000001e63b838800 WatcherThread [stack: 0x0000006eb8d00000,0x0000006eb8e00000] [id=30740]
  0x000001e61fd13800 GCTaskThread "GC Thread#0" [stack: 0x0000006eb7d00000,0x0000006eb7e00000] [id=36900]
  0x000001e63bcae000 GCTaskThread "GC Thread#1" [stack: 0x0000006eb8e00000,0x0000006eb8f00000] [id=40180]
  0x000001e63bf9a000 GCTaskThread "GC Thread#2" [stack: 0x0000006eb8f00000,0x0000006eb9000000] [id=33004]
  0x000001e63c318800 GCTaskThread "GC Thread#3" [stack: 0x0000006eb9300000,0x0000006eb9400000] [id=31048]
  0x000001e63c30a000 GCTaskThread "GC Thread#4" [stack: 0x0000006eb9400000,0x0000006eb9500000] [id=32348]
  0x000001e63c30a800 GCTaskThread "GC Thread#5" [stack: 0x0000006eb9500000,0x0000006eb9600000] [id=17860]
  0x000001e63c46f800 GCTaskThread "GC Thread#6" [stack: 0x0000006eb9600000,0x0000006eb9700000] [id=31200]
  0x000001e63c470000 GCTaskThread "GC Thread#7" [stack: 0x0000006eb9700000,0x0000006eb9800000] [id=4344]
  0x000001e61fd43800 ConcurrentGCThread "G1 Main Marker" [stack: 0x0000006eb7e00000,0x0000006eb7f00000] [id=40496]
  0x000001e61fd45000 ConcurrentGCThread "G1 Conc#0" [stack: 0x0000006eb7f00000,0x0000006eb8000000] [id=15916]
  0x000001e63cd1e000 ConcurrentGCThread "G1 Conc#1" [stack: 0x0000006eb9200000,0x0000006eb9300000] [id=41060]
  0x000001e63a9ac800 ConcurrentGCThread "G1 Refine#0" [stack: 0x0000006eb8000000,0x0000006eb8100000] [id=34916]
  0x000001e63a9ad000 ConcurrentGCThread "G1 Young RemSet Sampling" [stack: 0x0000006eb8100000,0x0000006eb8200000] [id=21268]

Threads with active compile tasks:
C2 CompilerThread06251   !   4       java.util.concurrent.ThreadPoolExecutor::runWorker (187 bytes)

VM state:not at safepoint (normal execution)

VM Mutex/Monitor currently owned by a thread: None

Heap address: 0x0000000083000000, size: 2000 MB, Compressed Oops mode: 32-bit
Narrow klass base: 0x0000000800000000, Narrow klass shift: 3
Compressed class space size: 1073741824 Address: 0x0000000840000000

Heap:
 garbage-first heap   total 155648K, used 66859K [0x0000000083000000, 0x0000000100000000)
  region size 1024K, 44 young (45056K), 5 survivors (5120K)
 Metaspace       used 58787K, capacity 60240K, committed 60464K, reserved 1101824K
  class space    used 7657K, capacity 8254K, committed 8320K, reserved 1048576K
Heap Regions: E=young(eden), S=young(survivor), O=old, HS=humongous(starts), HC=humongous(continues), CS=collection set, F=free, A=archive, TAMS=top-at-mark-start (previous, next)
|   0|0x0000000083000000, 0x0000000083100000, 0x0000000083100000|100%|HS|  |TAMS 0x0000000083100000, 0x0000000083000000| Complete 
|   1|0x0000000083100000, 0x0000000083200000, 0x0000000083200000|100%| O|  |TAMS 0x0000000083200000, 0x0000000083100000| Untracked 
|   2|0x0000000083200000, 0x0000000083300000, 0x0000000083300000|100%| O|  |TAMS 0x0000000083300000, 0x0000000083200000| Untracked 
|   3|0x0000000083300000, 0x0000000083400000, 0x0000000083400000|100%| O|  |TAMS 0x0000000083400000, 0x0000000083300000| Untracked 
|   4|0x0000000083400000, 0x0000000083500000, 0x0000000083500000|100%| O|  |TAMS 0x0000000083500000, 0x0000000083400000| Untracked 
|   5|0x0000000083500000, 0x0000000083600000, 0x0000000083600000|100%| O|  |TAMS 0x0000000083600000, 0x0000000083500000| Untracked 
|   6|0x0000000083600000, 0x0000000083700000, 0x0000000083700000|100%| O|  |TAMS 0x0000000083700000, 0x0000000083600000| Untracked 
|   7|0x0000000083700000, 0x0000000083800000, 0x0000000083800000|100%| O|  |TAMS 0x0000000083800000, 0x0000000083700000| Untracked 
|   8|0x0000000083800000, 0x0000000083900000, 0x0000000083900000|100%| O|  |TAMS 0x0000000083900000, 0x0000000083800000| Untracked 
|   9|0x0000000083900000, 0x0000000083a00000, 0x0000000083a00000|100%| O|  |TAMS 0x0000000083a00000, 0x0000000083900000| Untracked 
|  10|0x0000000083a00000, 0x0000000083b00000, 0x0000000083b00000|100%|HS|  |TAMS 0x0000000083b00000, 0x0000000083a00000| Complete 
|  11|0x0000000083b00000, 0x0000000083c00000, 0x0000000083c00000|100%|HC|  |TAMS 0x0000000083c00000, 0x0000000083b00000| Complete 
|  12|0x0000000083c00000, 0x0000000083d00000, 0x0000000083d00000|100%| O|  |TAMS 0x0000000083d00000, 0x0000000083c00000| Untracked 
|  13|0x0000000083d00000, 0x0000000083e00000, 0x0000000083e00000|100%| O|  |TAMS 0x0000000083e00000, 0x0000000083d00000| Untracked 
|  14|0x0000000083e00000, 0x0000000083f00000, 0x0000000083f00000|100%| O|  |TAMS 0x0000000083f00000, 0x0000000083e00000| Untracked 
|  15|0x0000000083f00000, 0x0000000084000000, 0x0000000084000000|100%| O|  |TAMS 0x0000000084000000, 0x0000000083f00000| Untracked 
|  16|0x0000000084000000, 0x0000000084100000, 0x0000000084100000|100%| O|  |TAMS 0x0000000084100000, 0x0000000084000000| Untracked 
|  17|0x0000000084100000, 0x0000000084200000, 0x0000000084200000|100%| O|  |TAMS 0x0000000084200000, 0x0000000084100000| Untracked 
|  18|0x0000000084200000, 0x0000000084300000, 0x0000000084300000|100%| O|  |TAMS 0x0000000084300000, 0x0000000084200000| Untracked 
|  19|0x0000000084300000, 0x0000000084400000, 0x0000000084400000|100%| O|  |TAMS 0x0000000084400000, 0x0000000084300000| Untracked 
|  20|0x0000000084400000, 0x0000000084500000, 0x0000000084500000|100%| O|  |TAMS 0x0000000084500000, 0x0000000084400000| Untracked 
|  21|0x0000000084500000, 0x0000000084600000, 0x0000000084600000|100%| O|  |TAMS 0x0000000084600000, 0x0000000084500000| Untracked 
|  22|0x0000000084600000, 0x000000008464ae00, 0x0000000084700000| 29%| O|  |TAMS 0x000000008464ae00, 0x0000000084600000| Untracked 
|  23|0x0000000084700000, 0x0000000084700000, 0x0000000084800000|  0%| F|  |TAMS 0x0000000084700000, 0x0000000084700000| Untracked 
|  24|0x0000000084800000, 0x0000000084800000, 0x0000000084900000|  0%| F|  |TAMS 0x0000000084800000, 0x0000000084800000| Untracked 
|  25|0x0000000084900000, 0x0000000084900000, 0x0000000084a00000|  0%| F|  |TAMS 0x0000000084900000, 0x0000000084900000| Untracked 
|  26|0x0000000084a00000, 0x0000000084a00000, 0x0000000084b00000|  0%| F|  |TAMS 0x0000000084a00000, 0x0000000084a00000| Untracked 
|  27|0x0000000084b00000, 0x0000000084b00000, 0x0000000084c00000|  0%| F|  |TAMS 0x0000000084b00000, 0x0000000084b00000| Untracked 
|  28|0x0000000084c00000, 0x0000000084c00000, 0x0000000084d00000|  0%| F|  |TAMS 0x0000000084c00000, 0x0000000084c00000| Untracked 
|  29|0x0000000084d00000, 0x0000000084d00000, 0x0000000084e00000|  0%| F|  |TAMS 0x0000000084d00000, 0x0000000084d00000| Untracked 
|  30|0x0000000084e00000, 0x0000000084e00000, 0x0000000084f00000|  0%| F|  |TAMS 0x0000000084e00000, 0x0000000084e00000| Untracked 
|  31|0x0000000084f00000, 0x0000000084f00000, 0x0000000085000000|  0%| F|  |TAMS 0x0000000084f00000, 0x0000000084f00000| Untracked 
|  32|0x0000000085000000, 0x0000000085000000, 0x0000000085100000|  0%| F|  |TAMS 0x0000000085000000, 0x0000000085000000| Untracked 
|  33|0x0000000085100000, 0x0000000085100000, 0x0000000085200000|  0%| F|  |TAMS 0x0000000085100000, 0x0000000085100000| Untracked 
|  34|0x0000000085200000, 0x0000000085200000, 0x0000000085300000|  0%| F|  |TAMS 0x0000000085200000, 0x0000000085200000| Untracked 
|  35|0x0000000085300000, 0x0000000085300000, 0x0000000085400000|  0%| F|  |TAMS 0x0000000085300000, 0x0000000085300000| Untracked 
|  36|0x0000000085400000, 0x0000000085400000, 0x0000000085500000|  0%| F|  |TAMS 0x0000000085400000, 0x0000000085400000| Untracked 
|  37|0x0000000085500000, 0x0000000085500000, 0x0000000085600000|  0%| F|  |TAMS 0x0000000085500000, 0x0000000085500000| Untracked 
|  38|0x0000000085600000, 0x0000000085600000, 0x0000000085700000|  0%| F|  |TAMS 0x0000000085600000, 0x0000000085600000| Untracked 
|  39|0x0000000085700000, 0x0000000085700000, 0x0000000085800000|  0%| F|  |TAMS 0x0000000085700000, 0x0000000085700000| Untracked 
|  40|0x0000000085800000, 0x0000000085800000, 0x0000000085900000|  0%| F|  |TAMS 0x0000000085800000, 0x0000000085800000| Untracked 
|  41|0x0000000085900000, 0x0000000085900000, 0x0000000085a00000|  0%| F|  |TAMS 0x0000000085900000, 0x0000000085900000| Untracked 
|  42|0x0000000085a00000, 0x0000000085a00000, 0x0000000085b00000|  0%| F|  |TAMS 0x0000000085a00000, 0x0000000085a00000| Untracked 
|  43|0x0000000085b00000, 0x0000000085b00000, 0x0000000085c00000|  0%| F|  |TAMS 0x0000000085b00000, 0x0000000085b00000| Untracked 
|  44|0x0000000085c00000, 0x0000000085c00000, 0x0000000085d00000|  0%| F|  |TAMS 0x0000000085c00000, 0x0000000085c00000| Untracked 
|  45|0x0000000085d00000, 0x0000000085d00000, 0x0000000085e00000|  0%| F|  |TAMS 0x0000000085d00000, 0x0000000085d00000| Untracked 
|  46|0x0000000085e00000, 0x0000000085e00000, 0x0000000085f00000|  0%| F|  |TAMS 0x0000000085e00000, 0x0000000085e00000| Untracked 
|  47|0x0000000085f00000, 0x0000000085f00000, 0x0000000086000000|  0%| F|  |TAMS 0x0000000085f00000, 0x0000000085f00000| Untracked 
|  48|0x0000000086000000, 0x0000000086000000, 0x0000000086100000|  0%| F|  |TAMS 0x0000000086000000, 0x0000000086000000| Untracked 
|  49|0x0000000086100000, 0x0000000086100000, 0x0000000086200000|  0%| F|  |TAMS 0x0000000086100000, 0x0000000086100000| Untracked 
|  50|0x0000000086200000, 0x0000000086200000, 0x0000000086300000|  0%| F|  |TAMS 0x0000000086200000, 0x0000000086200000| Untracked 
|  51|0x0000000086300000, 0x0000000086300000, 0x0000000086400000|  0%| F|  |TAMS 0x0000000086300000, 0x0000000086300000| Untracked 
|  52|0x0000000086400000, 0x0000000086400000, 0x0000000086500000|  0%| F|  |TAMS 0x0000000086400000, 0x0000000086400000| Untracked 
|  53|0x0000000086500000, 0x0000000086500000, 0x0000000086600000|  0%| F|  |TAMS 0x0000000086500000, 0x0000000086500000| Untracked 
|  54|0x0000000086600000, 0x0000000086600000, 0x0000000086700000|  0%| F|  |TAMS 0x0000000086600000, 0x0000000086600000| Untracked 
|  55|0x0000000086700000, 0x0000000086700000, 0x0000000086800000|  0%| F|  |TAMS 0x0000000086700000, 0x0000000086700000| Untracked 
|  56|0x0000000086800000, 0x0000000086900000, 0x0000000086900000|100%| S|CS|TAMS 0x0000000086800000, 0x0000000086800000| Complete 
|  57|0x0000000086900000, 0x0000000086a00000, 0x0000000086a00000|100%| S|CS|TAMS 0x0000000086900000, 0x0000000086900000| Complete 
|  58|0x0000000086a00000, 0x0000000086b00000, 0x0000000086b00000|100%| S|CS|TAMS 0x0000000086a00000, 0x0000000086a00000| Complete 
|  59|0x0000000086b00000, 0x0000000086c00000, 0x0000000086c00000|100%| S|CS|TAMS 0x0000000086b00000, 0x0000000086b00000| Complete 
|  60|0x0000000086c00000, 0x0000000086d00000, 0x0000000086d00000|100%| S|CS|TAMS 0x0000000086c00000, 0x0000000086c00000| Complete 
|  61|0x0000000086d00000, 0x0000000086d00000, 0x0000000086e00000|  0%| F|  |TAMS 0x0000000086d00000, 0x0000000086d00000| Untracked 
|  62|0x0000000086e00000, 0x0000000086e00000, 0x0000000086f00000|  0%| F|  |TAMS 0x0000000086e00000, 0x0000000086e00000| Untracked 
|  63|0x0000000086f00000, 0x0000000086f00000, 0x0000000087000000|  0%| F|  |TAMS 0x0000000086f00000, 0x0000000086f00000| Untracked 
|  64|0x0000000087000000, 0x0000000087000000, 0x0000000087100000|  0%| F|  |TAMS 0x0000000087000000, 0x0000000087000000| Untracked 
|  65|0x0000000087100000, 0x0000000087100000, 0x0000000087200000|  0%| F|  |TAMS 0x0000000087100000, 0x0000000087100000| Untracked 
|  66|0x0000000087200000, 0x0000000087200000, 0x0000000087300000|  0%| F|  |TAMS 0x0000000087200000, 0x0000000087200000| Untracked 
|  67|0x0000000087300000, 0x0000000087300000, 0x0000000087400000|  0%| F|  |TAMS 0x0000000087300000, 0x0000000087300000| Untracked 
|  68|0x0000000087400000, 0x0000000087400000, 0x0000000087500000|  0%| F|  |TAMS 0x0000000087400000, 0x0000000087400000| Untracked 
|  69|0x0000000087500000, 0x0000000087500000, 0x0000000087600000|  0%| F|  |TAMS 0x0000000087500000, 0x0000000087500000| Untracked 
|  70|0x0000000087600000, 0x0000000087600000, 0x0000000087700000|  0%| F|  |TAMS 0x0000000087600000, 0x0000000087600000| Untracked 
|  71|0x0000000087700000, 0x0000000087700000, 0x0000000087800000|  0%| F|  |TAMS 0x0000000087700000, 0x0000000087700000| Untracked 
|  72|0x0000000087800000, 0x0000000087800000, 0x0000000087900000|  0%| F|  |TAMS 0x0000000087800000, 0x0000000087800000| Untracked 
|  73|0x0000000087900000, 0x0000000087900000, 0x0000000087a00000|  0%| F|  |TAMS 0x0000000087900000, 0x0000000087900000| Untracked 
|  74|0x0000000087a00000, 0x0000000087a00000, 0x0000000087b00000|  0%| F|  |TAMS 0x0000000087a00000, 0x0000000087a00000| Untracked 
|  75|0x0000000087b00000, 0x0000000087b00000, 0x0000000087c00000|  0%| F|  |TAMS 0x0000000087b00000, 0x0000000087b00000| Untracked 
|  76|0x0000000087c00000, 0x0000000087c00000, 0x0000000087d00000|  0%| F|  |TAMS 0x0000000087c00000, 0x0000000087c00000| Untracked 
|  77|0x0000000087d00000, 0x0000000087d00000, 0x0000000087e00000|  0%| F|  |TAMS 0x0000000087d00000, 0x0000000087d00000| Untracked 
|  78|0x0000000087e00000, 0x0000000087e00000, 0x0000000087f00000|  0%| F|  |TAMS 0x0000000087e00000, 0x0000000087e00000| Untracked 
|  79|0x0000000087f00000, 0x0000000087f00000, 0x0000000088000000|  0%| F|  |TAMS 0x0000000087f00000, 0x0000000087f00000| Untracked 
|  80|0x0000000088000000, 0x0000000088000000, 0x0000000088100000|  0%| F|  |TAMS 0x0000000088000000, 0x0000000088000000| Untracked 
|  81|0x0000000088100000, 0x0000000088100000, 0x0000000088200000|  0%| F|  |TAMS 0x0000000088100000, 0x0000000088100000| Untracked 
|  82|0x0000000088200000, 0x0000000088200000, 0x0000000088300000|  0%| F|  |TAMS 0x0000000088200000, 0x0000000088200000| Untracked 
|  83|0x0000000088300000, 0x0000000088300000, 0x0000000088400000|  0%| F|  |TAMS 0x0000000088300000, 0x0000000088300000| Untracked 
|  84|0x0000000088400000, 0x0000000088400000, 0x0000000088500000|  0%| F|  |TAMS 0x0000000088400000, 0x0000000088400000| Untracked 
|  85|0x0000000088500000, 0x0000000088500000, 0x0000000088600000|  0%| F|  |TAMS 0x0000000088500000, 0x0000000088500000| Untracked 
|  86|0x0000000088600000, 0x0000000088600000, 0x0000000088700000|  0%| F|  |TAMS 0x0000000088600000, 0x0000000088600000| Untracked 
|  87|0x0000000088700000, 0x0000000088700000, 0x0000000088800000|  0%| F|  |TAMS 0x0000000088700000, 0x0000000088700000| Untracked 
|  88|0x0000000088800000, 0x0000000088800000, 0x0000000088900000|  0%| F|  |TAMS 0x0000000088800000, 0x0000000088800000| Untracked 
|  89|0x0000000088900000, 0x0000000088900000, 0x0000000088a00000|  0%| F|  |TAMS 0x0000000088900000, 0x0000000088900000| Untracked 
|  90|0x0000000088a00000, 0x0000000088a00000, 0x0000000088b00000|  0%| F|  |TAMS 0x0000000088a00000, 0x0000000088a00000| Untracked 
|  91|0x0000000088b00000, 0x0000000088b00000, 0x0000000088c00000|  0%| F|  |TAMS 0x0000000088b00000, 0x0000000088b00000| Untracked 
|  92|0x0000000088c00000, 0x0000000088c00000, 0x0000000088d00000|  0%| F|  |TAMS 0x0000000088c00000, 0x0000000088c00000| Untracked 
|  93|0x0000000088d00000, 0x0000000088d00000, 0x0000000088e00000|  0%| F|  |TAMS 0x0000000088d00000, 0x0000000088d00000| Untracked 
|  94|0x0000000088e00000, 0x0000000088e00000, 0x0000000088f00000|  0%| F|  |TAMS 0x0000000088e00000, 0x0000000088e00000| Untracked 
|  95|0x0000000088f00000, 0x0000000088f00000, 0x0000000089000000|  0%| F|  |TAMS 0x0000000088f00000, 0x0000000088f00000| Untracked 
|  96|0x0000000089000000, 0x0000000089000000, 0x0000000089100000|  0%| F|  |TAMS 0x0000000089000000, 0x0000000089000000| Untracked 
|  97|0x0000000089100000, 0x0000000089100000, 0x0000000089200000|  0%| F|  |TAMS 0x0000000089100000, 0x0000000089100000| Untracked 
|  98|0x0000000089200000, 0x0000000089200000, 0x0000000089300000|  0%| F|  |TAMS 0x0000000089200000, 0x0000000089200000| Untracked 
|  99|0x0000000089300000, 0x0000000089300000, 0x0000000089400000|  0%| F|  |TAMS 0x0000000089300000, 0x0000000089300000| Untracked 
| 100|0x0000000089400000, 0x0000000089400000, 0x0000000089500000|  0%| F|  |TAMS 0x0000000089400000, 0x0000000089400000| Untracked 
| 101|0x0000000089500000, 0x0000000089500000, 0x0000000089600000|  0%| F|  |TAMS 0x0000000089500000, 0x0000000089500000| Untracked 
| 102|0x0000000089600000, 0x0000000089600000, 0x0000000089700000|  0%| F|  |TAMS 0x0000000089600000, 0x0000000089600000| Untracked 
| 103|0x0000000089700000, 0x0000000089700000, 0x0000000089800000|  0%| F|  |TAMS 0x0000000089700000, 0x0000000089700000| Untracked 
| 104|0x0000000089800000, 0x0000000089800000, 0x0000000089900000|  0%| F|  |TAMS 0x0000000089800000, 0x0000000089800000| Untracked 
| 105|0x0000000089900000, 0x0000000089900000, 0x0000000089a00000|  0%| F|  |TAMS 0x0000000089900000, 0x0000000089900000| Untracked 
| 106|0x0000000089a00000, 0x0000000089a00000, 0x0000000089b00000|  0%| F|  |TAMS 0x0000000089a00000, 0x0000000089a00000| Untracked 
| 107|0x0000000089b00000, 0x0000000089b00000, 0x0000000089c00000|  0%| F|  |TAMS 0x0000000089b00000, 0x0000000089b00000| Untracked 
| 108|0x0000000089c00000, 0x0000000089c00000, 0x0000000089d00000|  0%| F|  |TAMS 0x0000000089c00000, 0x0000000089c00000| Untracked 
| 109|0x0000000089d00000, 0x0000000089d00000, 0x0000000089e00000|  0%| F|  |TAMS 0x0000000089d00000, 0x0000000089d00000| Untracked 
| 110|0x0000000089e00000, 0x0000000089e00000, 0x0000000089f00000|  0%| F|  |TAMS 0x0000000089e00000, 0x0000000089e00000| Untracked 
| 111|0x0000000089f00000, 0x0000000089f00000, 0x000000008a000000|  0%| F|  |TAMS 0x0000000089f00000, 0x0000000089f00000| Untracked 
| 112|0x000000008a000000, 0x000000008a000000, 0x000000008a100000|  0%| F|  |TAMS 0x000000008a000000, 0x000000008a000000| Untracked 
| 113|0x000000008a100000, 0x000000008a1051b0, 0x000000008a200000|  1%| E|  |TAMS 0x000000008a100000, 0x000000008a100000| Complete 
| 114|0x000000008a200000, 0x000000008a300000, 0x000000008a300000|100%| E|CS|TAMS 0x000000008a200000, 0x000000008a200000| Complete 
| 115|0x000000008a300000, 0x000000008a400000, 0x000000008a400000|100%| E|CS|TAMS 0x000000008a300000, 0x000000008a300000| Complete 
| 116|0x000000008a400000, 0x000000008a500000, 0x000000008a500000|100%| E|CS|TAMS 0x000000008a400000, 0x000000008a400000| Complete 
| 117|0x000000008a500000, 0x000000008a600000, 0x000000008a600000|100%| E|CS|TAMS 0x000000008a500000, 0x000000008a500000| Complete 
| 118|0x000000008a600000, 0x000000008a700000, 0x000000008a700000|100%| E|CS|TAMS 0x000000008a600000, 0x000000008a600000| Complete 
| 119|0x000000008a700000, 0x000000008a800000, 0x000000008a800000|100%| E|CS|TAMS 0x000000008a700000, 0x000000008a700000| Complete 
| 120|0x000000008a800000, 0x000000008a900000, 0x000000008a900000|100%| E|CS|TAMS 0x000000008a800000, 0x000000008a800000| Complete 
| 121|0x000000008a900000, 0x000000008aa00000, 0x000000008aa00000|100%| E|CS|TAMS 0x000000008a900000, 0x000000008a900000| Complete 
| 122|0x000000008aa00000, 0x000000008ab00000, 0x000000008ab00000|100%| E|CS|TAMS 0x000000008aa00000, 0x000000008aa00000| Complete 
| 123|0x000000008ab00000, 0x000000008ac00000, 0x000000008ac00000|100%| E|CS|TAMS 0x000000008ab00000, 0x000000008ab00000| Complete 
| 124|0x000000008ac00000, 0x000000008ad00000, 0x000000008ad00000|100%| E|CS|TAMS 0x000000008ac00000, 0x000000008ac00000| Complete 
| 125|0x000000008ad00000, 0x000000008ae00000, 0x000000008ae00000|100%| E|CS|TAMS 0x000000008ad00000, 0x000000008ad00000| Complete 
| 126|0x000000008ae00000, 0x000000008af00000, 0x000000008af00000|100%| E|CS|TAMS 0x000000008ae00000, 0x000000008ae00000| Complete 
| 127|0x000000008af00000, 0x000000008b000000, 0x000000008b000000|100%| E|CS|TAMS 0x000000008af00000, 0x000000008af00000| Complete 
| 128|0x000000008b000000, 0x000000008b100000, 0x000000008b100000|100%| E|CS|TAMS 0x000000008b000000, 0x000000008b000000| Complete 
| 129|0x000000008b100000, 0x000000008b200000, 0x000000008b200000|100%| E|CS|TAMS 0x000000008b100000, 0x000000008b100000| Complete 
| 130|0x000000008b200000, 0x000000008b300000, 0x000000008b300000|100%| E|CS|TAMS 0x000000008b200000, 0x000000008b200000| Complete 
| 131|0x000000008b300000, 0x000000008b400000, 0x000000008b400000|100%| E|CS|TAMS 0x000000008b300000, 0x000000008b300000| Complete 
| 132|0x000000008b400000, 0x000000008b500000, 0x000000008b500000|100%| E|CS|TAMS 0x000000008b400000, 0x000000008b400000| Complete 
| 133|0x000000008b500000, 0x000000008b600000, 0x000000008b600000|100%| E|CS|TAMS 0x000000008b500000, 0x000000008b500000| Complete 
| 134|0x000000008b600000, 0x000000008b700000, 0x000000008b700000|100%| E|CS|TAMS 0x000000008b600000, 0x000000008b600000| Complete 
| 135|0x000000008b700000, 0x000000008b800000, 0x000000008b800000|100%| E|CS|TAMS 0x000000008b700000, 0x000000008b700000| Complete 
| 136|0x000000008b800000, 0x000000008b900000, 0x000000008b900000|100%| E|CS|TAMS 0x000000008b800000, 0x000000008b800000| Complete 
| 137|0x000000008b900000, 0x000000008ba00000, 0x000000008ba00000|100%| E|CS|TAMS 0x000000008b900000, 0x000000008b900000| Complete 
| 138|0x000000008ba00000, 0x000000008bb00000, 0x000000008bb00000|100%| E|CS|TAMS 0x000000008ba00000, 0x000000008ba00000| Complete 
| 139|0x000000008bb00000, 0x000000008bc00000, 0x000000008bc00000|100%| E|CS|TAMS 0x000000008bb00000, 0x000000008bb00000| Complete 
| 140|0x000000008bc00000, 0x000000008bd00000, 0x000000008bd00000|100%| E|CS|TAMS 0x000000008bc00000, 0x000000008bc00000| Complete 
| 141|0x000000008bd00000, 0x000000008be00000, 0x000000008be00000|100%| E|CS|TAMS 0x000000008bd00000, 0x000000008bd00000| Complete 
| 142|0x000000008be00000, 0x000000008bf00000, 0x000000008bf00000|100%| E|CS|TAMS 0x000000008be00000, 0x000000008be00000| Complete 
| 143|0x000000008bf00000, 0x000000008c000000, 0x000000008c000000|100%| E|CS|TAMS 0x000000008bf00000, 0x000000008bf00000| Complete 
| 144|0x000000008c000000, 0x000000008c100000, 0x000000008c100000|100%| E|CS|TAMS 0x000000008c000000, 0x000000008c000000| Complete 
| 145|0x000000008c100000, 0x000000008c200000, 0x000000008c200000|100%| E|CS|TAMS 0x000000008c100000, 0x000000008c100000| Complete 
| 146|0x000000008c200000, 0x000000008c300000, 0x000000008c300000|100%| E|CS|TAMS 0x000000008c200000, 0x000000008c200000| Complete 
| 147|0x000000008c300000, 0x000000008c400000, 0x000000008c400000|100%| E|CS|TAMS 0x000000008c300000, 0x000000008c300000| Complete 
| 148|0x000000008c400000, 0x000000008c500000, 0x000000008c500000|100%| E|CS|TAMS 0x000000008c400000, 0x000000008c400000| Complete 
| 149|0x000000008c500000, 0x000000008c600000, 0x000000008c600000|100%| E|CS|TAMS 0x000000008c500000, 0x000000008c500000| Complete 
| 150|0x000000008c600000, 0x000000008c700000, 0x000000008c700000|100%| E|CS|TAMS 0x000000008c600000, 0x000000008c600000| Complete 
| 151|0x000000008c700000, 0x000000008c800000, 0x000000008c800000|100%| E|CS|TAMS 0x000000008c700000, 0x000000008c700000| Complete 

Card table byte_map: [0x000001e633a10000,0x000001e633e00000] _byte_map_base: 0x000001e6335f8000

Marking Bits (Prev, Next): (CMBitMap*) 0x000001e61fd3b1d0, (CMBitMap*) 0x000001e61fd3b198
 Prev Bits: [0x000001e636130000, 0x000001e638070000)
 Next Bits: [0x000001e6341f0000, 0x000001e636130000)

Polling page: 0x000001e61e410000

Metaspace:

Usage:
  Non-class:     50.77 MB capacity,    49.93 MB ( 98%) used,   672.90 KB (  1%) free+waste,   183.13 KB ( <1%) overhead. 
      Class:      8.06 MB capacity,     7.48 MB ( 93%) used,   510.93 KB (  6%) free+waste,    86.00 KB (  1%) overhead. 
       Both:     58.83 MB capacity,    57.41 MB ( 98%) used,     1.16 MB (  2%) free+waste,   269.13 KB ( <1%) overhead. 

Virtual space:
  Non-class space:       52.00 MB reserved,      50.92 MB ( 98%) committed 
      Class space:        1.00 GB reserved,       8.13 MB ( <1%) committed 
             Both:        1.05 GB reserved,      59.05 MB (  5%) committed 

Chunk freelists:
   Non-Class:  30.00 KB
       Class:  2.00 KB
        Both:  32.00 KB

CodeHeap 'non-profiled nmethods': size=120000Kb used=3145Kb max_used=3595Kb free=116854Kb
 bounds [0x000001e62b680000, 0x000001e62ba10000, 0x000001e632bb0000]
CodeHeap 'profiled nmethods': size=120000Kb used=10969Kb max_used=13165Kb free=109031Kb
 bounds [0x000001e624150000, 0x000001e624e60000, 0x000001e62b680000]
CodeHeap 'non-nmethods': size=5760Kb used=1247Kb max_used=1290Kb free=4512Kb
 bounds [0x000001e623bb0000, 0x000001e623e20000, 0x000001e624150000]
 total_blobs=8138 nmethods=5155 adapters=529
 compilation: enabled
              stopped_count=0, restarted_count=0
 full_count=0

Compilation events (10 events):
Event: 43869.111 Thread 0x000001e63ab46800 nmethod 6246 0x000001e6241d7290 code [0x000001e6241d7480, 0x000001e6241d7800]
Event: 43869.112 Thread 0x000001e63ab46800 6247       3       java.util.concurrent.FutureTask::<init> (19 bytes)
Event: 43869.116 Thread 0x000001e63ab46800 nmethod 6247 0x000001e6241eb790 code [0x000001e6241eb980, 0x000001e6241ebf10]
Event: 43909.601 Thread 0x000001e63ab46800 6248       3       com.zaxxer.hikari.util.FastList::<init> (22 bytes)
Event: 43909.607 Thread 0x000001e63ab46800 nmethod 6248 0x000001e6241dcb10 code [0x000001e6241dcce0, 0x000001e6241dd130]
Event: 44200.035 Thread 0x000001e63ab38000 6249 % !   4       java.util.concurrent.ThreadPoolExecutor::runWorker @ 21 (187 bytes)
Event: 44200.277 Thread 0x000001e63ab38000 nmethod 6249% 0x000001e62b72ed90 code [0x000001e62b72f080, 0x000001e62b730bd8]
Event: 44306.098 Thread 0x000001e63ab38000 6250       4       com.zaxxer.hikari.util.ConcurrentBag::getCount (49 bytes)
Event: 44306.130 Thread 0x000001e63ab38000 nmethod 6250 0x000001e62b6d5410 code [0x000001e62b6d55c0, 0x000001e62b6d5858]
Event: 46162.788 Thread 0x000001e63ab38000 6251   !   4       java.util.concurrent.ThreadPoolExecutor::runWorker (187 bytes)

GC Heap History (10 events):
Event: 18503.989 GC heap before
{Heap before GC invocations=15 (full 0):
 garbage-first heap   total 155648K, used 115615K [0x0000000083000000, 0x0000000100000000)
  region size 1024K, 91 young (93184K), 5 survivors (5120K)
 Metaspace       used 58566K, capacity 60048K, committed 60208K, reserved 1101824K
  class space    used 7657K, capacity 8254K, committed 8320K, reserved 1048576K
}
Event: 18504.107 GC heap after
{Heap after GC invocations=16 (full 0):
 garbage-first heap   total 155648K, used 27855K [0x0000000083000000, 0x0000000100000000)
  region size 1024K, 5 young (5120K), 5 survivors (5120K)
 Metaspace       used 58566K, capacity 60048K, committed 60208K, reserved 1101824K
  class space    used 7657K, capacity 8254K, committed 8320K, reserved 1048576K
}
Event: 24397.764 GC heap before
{Heap before GC invocations=16 (full 0):
 garbage-first heap   total 155648K, used 115919K [0x0000000083000000, 0x0000000100000000)
  region size 1024K, 91 young (93184K), 5 survivors (5120K)
 Metaspace       used 58625K, capacity 60112K, committed 60208K, reserved 1101824K
  class space    used 7657K, capacity 8254K, committed 8320K, reserved 1048576K
}
Event: 24397.838 GC heap after
{Heap after GC invocations=17 (full 0):
 garbage-first heap   total 155648K, used 27820K [0x0000000083000000, 0x0000000100000000)
  region size 1024K, 5 young (5120K), 5 survivors (5120K)
 Metaspace       used 58625K, capacity 60112K, committed 60208K, reserved 1101824K
  class space    used 7657K, capacity 8254K, committed 8320K, reserved 1048576K
}
Event: 30217.482 GC heap before
{Heap before GC invocations=17 (full 0):
 garbage-first heap   total 155648K, used 115884K [0x0000000083000000, 0x0000000100000000)
  region size 1024K, 91 young (93184K), 5 survivors (5120K)
 Metaspace       used 58638K, capacity 60112K, committed 60208K, reserved 1101824K
  class space    used 7657K, capacity 8254K, committed 8320K, reserved 1048576K
}
Event: 30217.561 GC heap after
{Heap after GC invocations=18 (full 0):
 garbage-first heap   total 155648K, used 27947K [0x0000000083000000, 0x0000000100000000)
  region size 1024K, 5 young (5120K), 5 survivors (5120K)
 Metaspace       used 58638K, capacity 60112K, committed 60208K, reserved 1101824K
  class space    used 7657K, capacity 8254K, committed 8320K, reserved 1048576K
}
Event: 36073.037 GC heap before
{Heap before GC invocations=18 (full 0):
 garbage-first heap   total 155648K, used 116011K [0x0000000083000000, 0x0000000100000000)
  region size 1024K, 91 young (93184K), 5 survivors (5120K)
 Metaspace       used 58683K, capacity 60112K, committed 60208K, reserved 1101824K
  class space    used 7657K, capacity 8254K, committed 8320K, reserved 1048576K
}
Event: 36073.124 GC heap after
{Heap after GC invocations=19 (full 0):
 garbage-first heap   total 155648K, used 27937K [0x0000000083000000, 0x0000000100000000)
  region size 1024K, 5 young (5120K), 5 survivors (5120K)
 Metaspace       used 58683K, capacity 60112K, committed 60208K, reserved 1101824K
  class space    used 7657K, capacity 8254K, committed 8320K, reserved 1048576K
}
Event: 41875.004 GC heap before
{Heap before GC invocations=19 (full 0):
 garbage-first heap   total 155648K, used 116001K [0x0000000083000000, 0x0000000100000000)
  region size 1024K, 91 young (93184K), 5 survivors (5120K)
 Metaspace       used 58718K, capacity 60176K, committed 60464K, reserved 1101824K
  class space    used 7657K, capacity 8254K, committed 8320K, reserved 1048576K
}
Event: 41875.100 GC heap after
{Heap after GC invocations=20 (full 0):
 garbage-first heap   total 155648K, used 27947K [0x0000000083000000, 0x0000000100000000)
  region size 1024K, 5 young (5120K), 5 survivors (5120K)
 Metaspace       used 58718K, capacity 60176K, committed 60464K, reserved 1101824K
  class space    used 7657K, capacity 8254K, committed 8320K, reserved 1048576K
}

Deoptimization events (10 events):
Event: 5385.029 Thread 0x000001e63fe32800 Uncommon trap: reason=profile_predicate action=maybe_recompile pc=0x000001e62b9a4ff4 method=java.util.concurrent.ConcurrentHashMap$Traverser.advance()Ljava/util/concurrent/ConcurrentHashMap$Node; @ 15 c2
Event: 5386.028 Thread 0x000001e63fe32800 Uncommon trap: reason=profile_predicate action=maybe_recompile pc=0x000001e62b9a4ff4 method=java.util.concurrent.ConcurrentHashMap$Traverser.advance()Ljava/util/concurrent/ConcurrentHashMap$Node; @ 15 c2
Event: 5387.027 Thread 0x000001e63fe32800 Uncommon trap: reason=profile_predicate action=maybe_recompile pc=0x000001e62b9a4ff4 method=java.util.concurrent.ConcurrentHashMap$Traverser.advance()Ljava/util/concurrent/ConcurrentHashMap$Node; @ 15 c2
Event: 7951.938 Thread 0x000001e63ff40800 Uncommon trap: reason=profile_predicate action=maybe_recompile pc=0x000001e62b9bd654 method=org.h2.mvstore.Page.binarySearch(Ljava/lang/Object;)I @ 41 c2
Event: 7977.561 Thread 0x000001e63ff40800 Uncommon trap: reason=profile_predicate action=maybe_recompile pc=0x000001e62b9bd654 method=org.h2.mvstore.Page.binarySearch(Ljava/lang/Object;)I @ 41 c2
Event: 7997.008 Thread 0x000001e63ff40800 Uncommon trap: reason=profile_predicate action=maybe_recompile pc=0x000001e62b9bd654 method=org.h2.mvstore.Page.binarySearch(Ljava/lang/Object;)I @ 41 c2
Event: 8022.575 Thread 0x000001e63ff40800 Uncommon trap: reason=profile_predicate action=maybe_recompile pc=0x000001e62b9bd654 method=org.h2.mvstore.Page.binarySearch(Ljava/lang/Object;)I @ 41 c2
Event: 8353.028 Thread 0x000001e63fe32800 Uncommon trap: reason=unstable_if action=reinterpret pc=0x000001e62b98c758 method=java.util.concurrent.locks.AbstractQueuedSynchronizer.isOnSyncQueue(Ljava/util/concurrent/locks/AbstractQueuedSynchronizer$Node;)Z @ 13 c2
Event: 17174.874 Thread 0x000001e641b2c800 Uncommon trap: reason=unstable_if action=reinterpret pc=0x000001e62b94bc68 method=java.util.concurrent.TimeUnit.convert(JLjava/util/concurrent/TimeUnit;)J @ 8 c2
Event: 17175.169 Thread 0x000001e641b2c800 Uncommon trap: reason=unstable_if action=reinterpret pc=0x000001e62b69f8f8 method=java.lang.StringCoding.hasNegatives([BII)Z @ 12 c2

Classes redefined (0 events):
No events

Internal exceptions (10 events):
Event: 8.229 Thread 0x000001e63bed4800 Exception <a 'java/lang/NoSuchMethodError'{0x000000008afc6cc0}: java.lang.invoke.DirectMethodHandle$Holder.invokeVirtual(Ljava/lang/Object;Ljava/lang/Object;Ljava/lang/Object;)I> (0x000000008afc6cc0) thrown at [c:/BuildAgent/work/5ff2f6c26000d570/src/hots
Event: 8.258 Thread 0x000001e63bed4800 Exception <a 'java/lang/IncompatibleClassChangeError'{0x000000008aef98b8}: Found class java.lang.Object, but interface was expected> (0x000000008aef98b8) thrown at [c:/BuildAgent/work/5ff2f6c26000d570/src/hotspot/share/interpreter/linkResolver.cpp, line 8
Event: 25.735 Thread 0x000001e63f2a4000 Exception <a 'java/lang/NoSuchMethodError'{0x0000000089d58f00}: java.lang.invoke.Invokers$Holder.linkToTargetMethod(Ljava/lang/Object;Ljava/lang/Object;Ljava/lang/Object;Ljava/lang/Object;Ljava/lang/Object;Ljava/lang/Object;Ljava/lang/Object;)Ljava/lang/O
Event: 25.774 Thread 0x000001e63f2a4000 Exception <a 'java/lang/ClassNotFoundException'{0x0000000089cec9d0}: java/lang/ObjectCustomizer> (0x0000000089cec9d0) thrown at [c:/BuildAgent/work/5ff2f6c26000d570/src/hotspot/share/classfile/systemDictionary.cpp, line 231]
Event: 25.776 Thread 0x000001e63f2a4000 Exception <a 'java/lang/ClassNotFoundException'{0x0000000089b01288}: com/rmit/sept/agme/model/TemplateEntityCustomizer> (0x0000000089b01288) thrown at [c:/BuildAgent/work/5ff2f6c26000d570/src/hotspot/share/classfile/systemDictionary.cpp, line 231]
Event: 25.839 Thread 0x000001e63f2a4000 Exception <a 'java/lang/NoSuchMethodError'{0x0000000089ac46f0}: java.lang.invoke.DirectMethodHandle$Holder.invokeStatic(Ljava/lang/Object;ILjava/lang/Object;)Ljava/lang/Object;> (0x0000000089ac46f0) thrown at [c:/BuildAgent/work/5ff2f6c26000d570/src/hotsp
Event: 5384.029 Thread 0x000001e63fe32800 Implicit null exception at 0x000001e62b9a4dc8 to 0x000001e62b9a4fe2
Event: 5385.029 Thread 0x000001e63fe32800 Implicit null exception at 0x000001e62b9a4dc8 to 0x000001e62b9a4fe2
Event: 5386.028 Thread 0x000001e63fe32800 Implicit null exception at 0x000001e62b9a4dc8 to 0x000001e62b9a4fe2
Event: 5387.027 Thread 0x000001e63fe32800 Implicit null exception at 0x000001e62b9a4dc8 to 0x000001e62b9a4fe2

Events (10 events):
Event: 43874.097 Executing VM operation: RevokeBias done
Event: 43874.097 Thread 0x000001e6400ad000 Thread exited: 0x000001e6400ad000
Event: 43909.599 Thread 0x000001e6400ad000 Thread added: 0x000001e6400ad000
Event: 43909.599 Thread 0x000001e6400b6800 Thread added: 0x000001e6400b6800
Event: 43914.602 Executing VM operation: RevokeBias
Event: 43914.602 Executing VM operation: RevokeBias done
Event: 43914.602 Thread 0x000001e6400ad000 Thread exited: 0x000001e6400ad000
Event: 43914.606 Executing VM operation: RevokeBias
Event: 43914.606 Executing VM operation: RevokeBias done
Event: 43914.606 Thread 0x000001e6400b6800 Thread exited: 0x000001e6400b6800


Dynamic libraries:
0x00007ff7c8400000 - 0x00007ff7c8447000 	C:\Program Files\JetBrains\IntelliJ IDEA Community Edition 2019.2.2\jbr\bin\java.exe
0x00007ffc292a0000 - 0x00007ffc29490000 	C:\WINDOWS\SYSTEM32\ntdll.dll
0x00007ffc29070000 - 0x00007ffc29122000 	C:\WINDOWS\System32\KERNEL32.DLL
0x00007ffc26ea0000 - 0x00007ffc27144000 	C:\WINDOWS\System32\KERNELBASE.dll
0x00007ffc27490000 - 0x00007ffc27624000 	C:\WINDOWS\System32\USER32.dll
0x00007ffc27150000 - 0x00007ffc27171000 	C:\WINDOWS\System32\win32u.dll
0x00007ffc28b10000 - 0x00007ffc28b36000 	C:\WINDOWS\System32\GDI32.dll
0x00007ffc26d00000 - 0x00007ffc26e96000 	C:\WINDOWS\System32\gdi32full.dll
0x00007ffc26c60000 - 0x00007ffc26cfe000 	C:\WINDOWS\System32\msvcp_win.dll
0x00007ffc26220000 - 0x00007ffc2631a000 	C:\WINDOWS\System32\ucrtbase.dll
0x00007ffc07b20000 - 0x00007ffc07da4000 	C:\WINDOWS\WinSxS\amd64_microsoft.windows.common-controls_6595b64144ccf1df_6.0.18362.959_none_e6c7bbbf130c62bb\COMCTL32.dll
0x00007ffc28ec0000 - 0x00007ffc28f5e000 	C:\WINDOWS\System32\msvcrt.dll
0x00007ffc287d0000 - 0x00007ffc28b05000 	C:\WINDOWS\System32\combase.dll
0x00007ffc27810000 - 0x00007ffc27930000 	C:\WINDOWS\System32\RPCRT4.dll
0x00007ffc272d0000 - 0x00007ffc27350000 	C:\WINDOWS\System32\bcryptPrimitives.dll
0x00007ffc28c50000 - 0x00007ffc28c7e000 	C:\WINDOWS\System32\IMM32.DLL
0x00007ffc1af30000 - 0x00007ffc1af47000 	C:\Program Files\JetBrains\IntelliJ IDEA Community Edition 2019.2.2\jbr\bin\vcruntime140.dll
0x00007ffc0efc0000 - 0x00007ffc0f05d000 	C:\Program Files\JetBrains\IntelliJ IDEA Community Edition 2019.2.2\jbr\bin\msvcp140.dll
0x00007ffba8520000 - 0x00007ffba8fd7000 	C:\Program Files\JetBrains\IntelliJ IDEA Community Edition 2019.2.2\jbr\bin\server\jvm.dll
0x00007ffc28fc0000 - 0x00007ffc29063000 	C:\WINDOWS\System32\ADVAPI32.dll
0x00007ffc28bb0000 - 0x00007ffc28c47000 	C:\WINDOWS\System32\sechost.dll
0x00007ffc279b0000 - 0x00007ffc279b8000 	C:\WINDOWS\System32\PSAPI.DLL
0x00007ffc06000000 - 0x00007ffc06009000 	C:\WINDOWS\SYSTEM32\WSOCK32.dll
0x00007ffc1f540000 - 0x00007ffc1f564000 	C:\WINDOWS\SYSTEM32\WINMM.dll
0x00007ffc1c070000 - 0x00007ffc1c07a000 	C:\WINDOWS\SYSTEM32\VERSION.dll
0x00007ffc28b40000 - 0x00007ffc28baf000 	C:\WINDOWS\System32\WS2_32.dll
0x00007ffc1f510000 - 0x00007ffc1f53d000 	C:\WINDOWS\SYSTEM32\WINMMBASE.dll
0x00007ffc26ad0000 - 0x00007ffc26b1a000 	C:\WINDOWS\System32\cfgmgr32.dll
0x00007ffc26160000 - 0x00007ffc26171000 	C:\WINDOWS\System32\kernel.appcore.dll
0x00007ffc14600000 - 0x00007ffc14611000 	C:\Program Files\JetBrains\IntelliJ IDEA Community Edition 2019.2.2\jbr\bin\verify.dll
0x00007ffc21a30000 - 0x00007ffc21c24000 	C:\WINDOWS\SYSTEM32\DBGHELP.DLL
0x00007ffc08ab0000 - 0x00007ffc08ada000 	C:\WINDOWS\SYSTEM32\dbgcore.DLL
0x00007ffc14040000 - 0x00007ffc14069000 	C:\Program Files\JetBrains\IntelliJ IDEA Community Edition 2019.2.2\jbr\bin\java.dll
0x00007ffc141c0000 - 0x00007ffc141f4000 	C:\Program Files\JetBrains\IntelliJ IDEA Community Edition 2019.2.2\jbr\bin\instrument.dll
0x00007ffc145e0000 - 0x00007ffc145f7000 	C:\Program Files\JetBrains\IntelliJ IDEA Community Edition 2019.2.2\jbr\bin\zip.dll
0x00007ffc1ad30000 - 0x00007ffc1ad3b000 	C:\Program Files\JetBrains\IntelliJ IDEA Community Edition 2019.2.2\jbr\bin\jimage.dll
0x00007ffc279c0000 - 0x00007ffc280a6000 	C:\WINDOWS\System32\SHELL32.dll
0x00007ffc29130000 - 0x00007ffc291d9000 	C:\WINDOWS\System32\shcore.dll
0x00007ffc26340000 - 0x00007ffc26ac2000 	C:\WINDOWS\System32\windows.storage.dll
0x00007ffc261d0000 - 0x00007ffc261f3000 	C:\WINDOWS\System32\profapi.dll
0x00007ffc26180000 - 0x00007ffc261ca000 	C:\WINDOWS\System32\powrprof.dll
0x00007ffc26150000 - 0x00007ffc26160000 	C:\WINDOWS\System32\UMPDC.dll
0x00007ffc285f0000 - 0x00007ffc28642000 	C:\WINDOWS\System32\shlwapi.dll
0x00007ffc26320000 - 0x00007ffc26337000 	C:\WINDOWS\System32\cryptsp.dll
0x00007ffc14020000 - 0x00007ffc1403a000 	C:\Program Files\JetBrains\IntelliJ IDEA Community Edition 2019.2.2\jbr\bin\net.dll
0x00007ffc11460000 - 0x00007ffc11636000 	C:\WINDOWS\SYSTEM32\urlmon.dll
0x00007ffc1ebf0000 - 0x00007ffc1ece0000 	C:\WINDOWS\SYSTEM32\WINHTTP.dll
0x00007ffc11bd0000 - 0x00007ffc11e76000 	C:\WINDOWS\SYSTEM32\iertutil.dll
0x00007ffc25b90000 - 0x00007ffc25b9c000 	C:\WINDOWS\SYSTEM32\CRYPTBASE.DLL
0x00007ffc259c0000 - 0x00007ffc25a27000 	C:\WINDOWS\system32\mswsock.dll
0x00007ffc14000000 - 0x00007ffc14014000 	C:\Program Files\JetBrains\IntelliJ IDEA Community Edition 2019.2.2\jbr\bin\nio.dll
0x00007ffc141a0000 - 0x00007ffc141ba000 	C:\Program Files\JetBrains\IntelliJ IDEA Community Edition 2019.2.2\bin\breakgen64.dll
0x00007ffc146b0000 - 0x00007ffc146ba000 	C:\Program Files\JetBrains\IntelliJ IDEA Community Edition 2019.2.2\jbr\bin\management.dll
0x00007ffc145b0000 - 0x00007ffc145bc000 	C:\Program Files\JetBrains\IntelliJ IDEA Community Edition 2019.2.2\jbr\bin\management_ext.dll
0x00007ffbd0410000 - 0x00007ffbd0426000 	C:\WINDOWS\system32\napinsp.dll
0x00007ffbd03f0000 - 0x00007ffbd040a000 	C:\WINDOWS\system32\pnrpnsp.dll
0x00007ffc25710000 - 0x00007ffc257db000 	C:\WINDOWS\SYSTEM32\DNSAPI.dll
0x00007ffc28de0000 - 0x00007ffc28de8000 	C:\WINDOWS\System32\NSI.dll
0x00007ffc256d0000 - 0x00007ffc2570a000 	C:\WINDOWS\SYSTEM32\IPHLPAPI.DLL
0x00007ffbfbc90000 - 0x00007ffbfbc9e000 	C:\WINDOWS\System32\winrnr.dll
0x00007ffc1f170000 - 0x00007ffc1f18c000 	C:\WINDOWS\system32\NLAapi.dll
0x00007ffbfbd20000 - 0x00007ffbfbd35000 	C:\WINDOWS\system32\wshbth.dll
0x00007ffc1c770000 - 0x00007ffc1c77a000 	C:\Windows\System32\rasadhlp.dll
0x00007ffc195d0000 - 0x00007ffc19647000 	C:\WINDOWS\System32\fwpuclnt.dll
0x00007ffc26bd0000 - 0x00007ffc26bf6000 	C:\WINDOWS\System32\bcrypt.dll
0x00007ffc25530000 - 0x00007ffc25563000 	C:\WINDOWS\system32\rsaenh.dll
0x00007ffc26070000 - 0x00007ffc26095000 	C:\WINDOWS\SYSTEM32\USERENV.dll
0x00007ffc1c180000 - 0x00007ffc1c196000 	C:\WINDOWS\SYSTEM32\dhcpcsvc6.DLL
0x00007ffc1c050000 - 0x00007ffc1c06c000 	C:\WINDOWS\SYSTEM32\dhcpcsvc.DLL

dbghelp: loaded successfully - version: 4.0.5 - missing functions: none
symbol engine: initialized successfully - sym options: 0x614 - pdb path: .;C:\Program Files\JetBrains\IntelliJ IDEA Community Edition 2019.2.2\jbr\bin;C:\WINDOWS\SYSTEM32;C:\WINDOWS\WinSxS\amd64_microsoft.windows.common-controls_6595b64144ccf1df_6.0.18362.959_none_e6c7bbbf130c62bb;C:\Program Files\JetBrains\IntelliJ IDEA Community Edition 2019.2.2\jbr\bin\server;C:\Program Files\JetBrains\IntelliJ IDEA Community Edition 2019.2.2\bin

VM Arguments:
jvm_args: -javaagent:C:\Program Files\JetBrains\IntelliJ IDEA Community Edition 2019.2.2\lib\idea_rt.jar=53516:C:\Program Files\JetBrains\IntelliJ IDEA Community Edition 2019.2.2\bin -Dfile.encoding=UTF-8 
java_command: com.rmit.sept.agme.AgmeApplication
java_class_path (initial): C:\Users\lukeh\git\majorproject-7-tues-14-30-3\BackEnd\agme\target\classes;C:\Users\lukeh\.m2\repository\org\springframework\boot\spring-boot-starter-data-jpa\2.3.2.RELEASE\spring-boot-starter-data-jpa-2.3.2.RELEASE.jar;C:\Users\lukeh\.m2\repository\org\springframework\boot\spring-boot-starter-aop\2.3.2.RELEASE\spring-boot-starter-aop-2.3.2.RELEASE.jar;C:\Users\lukeh\.m2\repository\org\springframework\spring-aop\5.2.8.RELEASE\spring-aop-5.2.8.RELEASE.jar;C:\Users\lukeh\.m2\repository\org\aspectj\aspectjweaver\1.9.6\aspectjweaver-1.9.6.jar;C:\Users\lukeh\.m2\repository\org\springframework\boot\spring-boot-starter-jdbc\2.3.2.RELEASE\spring-boot-starter-jdbc-2.3.2.RELEASE.jar;C:\Users\lukeh\.m2\repository\com\zaxxer\HikariCP\3.4.5\HikariCP-3.4.5.jar;C:\Users\lukeh\.m2\repository\org\springframework\spring-jdbc\5.2.8.RELEASE\spring-jdbc-5.2.8.RELEASE.jar;C:\Users\lukeh\.m2\repository\jakarta\transaction\jakarta.transaction-api\1.3.3\jakarta.transaction-api-1.3.3.jar;C:\Users\lukeh\.m2\repository\jakarta\persistence\jakarta.persistence-api\2.2.3\jakarta.persistence-api-2.2.3.jar;C:\Users\lukeh\.m2\repository\org\hibernate\hibernate-core\5.4.18.Final\hibernate-core-5.4.18.Final.jar;C:\Users\lukeh\.m2\repository\org\javassist\javassist\3.24.0-GA\javassist-3.24.0-GA.jar;C:\Users\lukeh\.m2\repository\net\bytebuddy\byte-buddy\1.10.13\byte-buddy-1.10.13.jar;C:\Users\lukeh\.m2\repository\antlr\antlr\2.7.7\antlr-2.7.7.jar;C:\Users\lukeh\.m2\repository\org\jboss\jandex\2.1.3.Final\jandex-2.1.3.Final.jar;C:\Users\lukeh\.m2\repository\org\dom4j\dom4j\2.1.3\dom4j-2.1.3.jar;C:\Users\lukeh\.m2\repository\org\hibernate\common\hibernate-commons-annotations\5.1.0.Final\hibernate-commons-annotations-5.1.0.Final.jar;C:\Users\lukeh\.m2\repository\org\glassfish\jaxb\jaxb-runtime\2.3.3\jaxb-runtime-2.3.3.jar;C:\Users\lukeh\.m2\repository\org\glassfish\jaxb\txw2\2.3.3\txw2-2.3.3.jar;C:\Users\lukeh\.m2\repository\com\sun\istack\istack-commons-runtime\3.0.11\istack-c
Launcher Type: SUN_STANDARD

[Global flags]
     intx CICompilerCount                          = 4                                         {product} {ergonomic}
     uint ConcGCThreads                            = 2                                         {product} {ergonomic}
     uint G1ConcRefinementThreads                  = 8                                         {product} {ergonomic}
   size_t G1HeapRegionSize                         = 1048576                                   {product} {ergonomic}
    uintx GCDrainStackTargetSize                   = 64                                        {product} {ergonomic}
   size_t InitialHeapSize                          = 132120576                                 {product} {ergonomic}
   size_t MarkStackSize                            = 4194304                                   {product} {ergonomic}
   size_t MaxHeapSize                              = 2097152000                                {product} {ergonomic}
   size_t MaxNewSize                               = 1258291200                                {product} {ergonomic}
   size_t MinHeapDeltaBytes                        = 1048576                                   {product} {ergonomic}
    uintx NonNMethodCodeHeapSize                   = 5835340                                {pd product} {ergonomic}
    uintx NonProfiledCodeHeapSize                  = 122911450                              {pd product} {ergonomic}
    uintx ProfiledCodeHeapSize                     = 122911450                              {pd product} {ergonomic}
    uintx ReservedCodeCacheSize                    = 251658240                              {pd product} {ergonomic}
     bool SegmentedCodeCache                       = true                                      {product} {ergonomic}
     bool UseCompressedClassPointers               = true                                 {lp64_product} {ergonomic}
     bool UseCompressedOops                        = true                                 {lp64_product} {ergonomic}
     bool UseG1GC                                  = true                                      {product} {ergonomic}
     bool UseLargePagesIndividualAllocation        = false                                  {pd product} {ergonomic}

Logging:
Log output configuration:
 #0: stdout all=warning uptime,level,tags
 #1: stderr all=off uptime,level,tags

Environment Variables:
JAVA_HOME=C:\Program Files\OpenJDK\jdk-14.0.1
PATH=C:\Program Files (x86)\Common Files\Oracle\Java\javapath;C:\Windows\system32;C:\Windows;C:\Windows\System32\Wbem;C:\Windows\System32\WindowsPowerShell\v1.0\;C:\Windows\System32\OpenSSH\;C:\Program Files (x86)\NVIDIA Corporation\PhysX\Common;C:\Program Files\OpenJDK\jdk-14.0.1\bin;C:\Program Files\Intel\WiFi\bin\;C:\Program Files\Common Files\Intel\WirelessCommon\;C:\Program Files (x86)\Intel\Intel(R) Management Engine Components\DAL;C:\Program Files\Intel\Intel(R) Management Engine Components\DAL;C:\Program Files\PuTTY\;C:\WINDOWS\system32;C:\WINDOWS;C:\WINDOWS\System32\Wbem;C:\WINDOWS\System32\WindowsPowerShell\v1.0\;C:\WINDOWS\System32\OpenSSH\;C:\Program Files\Git\cmd;C:\Program Files\nodejs\;C:\ProgramData\chocolatey\bin;C:\Users\lukeh\AppData\Local\Programs\Python\Python37\Scripts\;C:\Users\lukeh\AppData\Local\Programs\Python\Python37\;C:\Users\lukeh\AppData\Local\Microsoft\WindowsApps;C:\Users\lukeh\AppData\Local\Programs\Microsoft VS Code\bin;C:\Users\lukeh\AppData\Local\GitHubDesktop\bin;C:\Users\lukeh\AppData\Local\Android\Sdk\platform-tools;C:\Users\lukeh\AppData\Roaming\npm;C:\Program Files\Docker Toolbox
USERNAME=lukeh
OS=Windows_NT
PROCESSOR_IDENTIFIER=Intel64 Family 6 Model 142 Stepping 11, GenuineIntel



---------------  S Y S T E M  ---------------

OS: Windows 10 , 64 bit Build 18362 (10.0.18362.959)

CPU:total 8 (initial active 8) (4 cores per cpu, 2 threads per core) family 6 model 142 stepping 11, cmov, cx8, fxsr, mmx, sse, sse2, sse3, ssse3, sse4.1, sse4.2, popcnt, avx, avx2, aes, clmul, erms, 3dnowpref, lzcnt, ht, tsc, tscinvbit, bmi1, bmi2, adx, fma

Memory: 4k page, system-wide physical 7999M (410M free)
TotalPageFile size 32575M (AvailPageFile size 111M)
current process WorkingSet (physical memory assigned to process): 22M, peak: 319M
current process commit charge ("private bytes"): 336M, peak: 381M

vm_info: OpenJDK 64-Bit Server VM (11.0.3+12-b304.56) for windows-amd64 JRE (11.0.3+12-b304.56), built on Sep  3 2019 10:54:25 by "" with MS VC++ 14.0 (VS2015)

END.
